<?xml version="1.0" encoding="UTF-8"?>
<!-- Generated by org.testng.reporters.JUnitReportReporter -->
<testsuite skipped="0" hostname="LAPTOP-6R0MG28E" name="com.trn.jen.DemoTest" tests="2" failures="0" timestamp="23 Nov 2020 17:24:23 GMT" time="0.049" errors="0">
  <testcase name="addNumtest" time="0.048" classname="com.trn.jen.DemoTest"/>
  <testcase name="subNumtest" time="0.001" classname="com.trn.jen.DemoTest"/>
</testsuite> <!-- com.trn.jen.DemoTest -->
