<?xml version="1.0" encoding="UTF-8"?>
<!-- Generated by org.testng.reporters.JUnitReportReporter -->
<testsuite skipped="0" hostname="LAPTOP-6R0MG28E" name="com.trn.jen.SampleSeleniumTest" tests="1" failures="0" timestamp="23 Nov 2020 17:24:23 GMT" time="14.693" errors="0">
  <testcase name="validateGoogleId" time="14.693" classname="com.trn.jen.SampleSeleniumTest"/>
</testsuite> <!-- com.trn.jen.SampleSeleniumTest -->
